2019-10-25 09:02:07.816  INFO 16720 --- [restartedMain] com.suresec.smart.AppStarter             : Starting AppStarter on LAPTOP-9JI6HR7S with PID 16720 (E:\eclipse2018-workspace\smart\target\classes started by 19820 in E:\eclipse2018-workspace\smart)
2019-10-25 09:02:07.838  INFO 16720 --- [restartedMain] com.suresec.smart.AppStarter             : No active profile set, falling back to default profiles: default
2019-10-25 09:02:07.942  INFO 16720 --- [restartedMain] .e.DevToolsPropertyDefaultsPostProcessor : Devtools property defaults active! Set 'spring.devtools.add-properties' to 'false' to disable
2019-10-25 09:02:07.943  INFO 16720 --- [restartedMain] .e.DevToolsPropertyDefaultsPostProcessor : For additional web related logging consider setting the 'logging.level.web' property to 'DEBUG'
2019-10-25 09:02:11.695  INFO 16720 --- [restartedMain] .s.d.r.c.RepositoryConfigurationDelegate : Bootstrapping Spring Data repositories in DEFAULT mode.
2019-10-25 09:02:11.996  INFO 16720 --- [restartedMain] .s.d.r.c.RepositoryConfigurationDelegate : Finished Spring Data repository scanning in 280ms. Found 3 repository interfaces.
2019-10-25 09:02:12.843  INFO 16720 --- [restartedMain] trationDelegate$BeanPostProcessorChecker : Bean 'org.springframework.transaction.annotation.ProxyTransactionManagementConfiguration' of type [org.springframework.transaction.annotation.ProxyTransactionManagementConfiguration$$EnhancerBySpringCGLIB$$98cf03b8] is not eligible for getting processed by all BeanPostProcessors (for example: not eligible for auto-proxying)
2019-10-25 09:02:14.334  INFO 16720 --- [restartedMain] o.s.b.w.embedded.tomcat.TomcatWebServer  : Tomcat initialized with port(s): 8888 (http)
2019-10-25 09:02:14.391  INFO 16720 --- [restartedMain] o.apache.catalina.core.StandardService   : Starting service [Tomcat]
2019-10-25 09:02:14.392  INFO 16720 --- [restartedMain] org.apache.catalina.core.StandardEngine  : Starting Servlet Engine: Apache Tomcat/8.5.43
2019-10-25 09:02:14.418  INFO 16720 --- [localhost-startStop-1] o.a.catalina.core.AprLifecycleListener   : An older version [1.2.21] of the APR based Apache Tomcat Native library is installed, while Tomcat recommends a minimum version of [1.2.23]
2019-10-25 09:02:14.418  INFO 16720 --- [localhost-startStop-1] o.a.catalina.core.AprLifecycleListener   : Loaded APR based Apache Tomcat Native library [1.2.21] using APR version [1.6.5].
2019-10-25 09:02:14.418  INFO 16720 --- [localhost-startStop-1] o.a.catalina.core.AprLifecycleListener   : APR capabilities: IPv6 [true], sendfile [true], accept filters [false], random [true].
2019-10-25 09:02:14.419  INFO 16720 --- [localhost-startStop-1] o.a.catalina.core.AprLifecycleListener   : APR/OpenSSL configuration: useAprConnector [false], useOpenSSL [true]
2019-10-25 09:02:14.437  INFO 16720 --- [localhost-startStop-1] o.a.catalina.core.AprLifecycleListener   : OpenSSL successfully initialized [OpenSSL 1.1.1a  20 Nov 2018]
2019-10-25 09:02:14.790  INFO 16720 --- [localhost-startStop-1] org.apache.jasper.servlet.TldScanner     : At least one JAR was scanned for TLDs yet contained no TLDs. Enable debug logging for this logger for a complete list of JARs that were scanned but no TLDs were found in them. Skipping unneeded JARs during scanning can improve startup time and JSP compilation time.
2019-10-25 09:02:14.796  INFO 16720 --- [localhost-startStop-1] o.a.c.c.C.[Tomcat].[localhost].[/]       : Initializing Spring embedded WebApplicationContext
2019-10-25 09:02:14.797  INFO 16720 --- [localhost-startStop-1] o.s.web.context.ContextLoader            : Root WebApplicationContext: initialization completed in 6852 ms
2019-10-25 09:02:15.175  INFO 16720 --- [restartedMain] com.zaxxer.hikari.HikariDataSource       : HikariPool-1 - Starting...
2019-10-25 09:02:15.545  INFO 16720 --- [restartedMain] com.zaxxer.hikari.HikariDataSource       : HikariPool-1 - Start completed.
2019-10-25 09:02:15.666  INFO 16720 --- [restartedMain] o.hibernate.jpa.internal.util.LogHelper  : HHH000204: Processing PersistenceUnitInfo [
	name: default
	...]
2019-10-25 09:02:15.881  INFO 16720 --- [restartedMain] org.hibernate.Version                    : HHH000412: Hibernate Core {5.3.10.Final}
2019-10-25 09:02:15.883  INFO 16720 --- [restartedMain] org.hibernate.cfg.Environment            : HHH000206: hibernate.properties not found
2019-10-25 09:02:16.326  INFO 16720 --- [restartedMain] o.hibernate.annotations.common.Version   : HCANN000001: Hibernate Commons Annotations {5.0.4.Final}
2019-10-25 09:02:16.772  INFO 16720 --- [restartedMain] org.hibernate.dialect.Dialect            : HHH000400: Using dialect: org.hibernate.dialect.MySQL5InnoDBDialect
2019-10-25 09:02:18.893  INFO 16720 --- [restartedMain] j.LocalContainerEntityManagerFactoryBean : Initialized JPA EntityManagerFactory for persistence unit 'default'
2019-10-25 09:02:19.627  INFO 16720 --- [restartedMain] o.h.h.i.QueryTranslatorFactoryInitiator  : HHH000397: Using ASTQueryTranslatorFactory
2019-10-25 09:02:20.673  WARN 16720 --- [restartedMain] aWebConfiguration$JpaWebMvcConfiguration : spring.jpa.open-in-view is enabled by default. Therefore, database queries may be performed during view rendering. Explicitly configure spring.jpa.open-in-view to disable this warning
2019-10-25 09:02:21.023  INFO 16720 --- [restartedMain] pertySourcedRequestMappingHandlerMapping : Mapped URL path [/v2/api-docs] onto method [public org.springframework.http.ResponseEntity<springfox.documentation.spring.web.json.Json> springfox.documentation.swagger2.web.Swagger2Controller.getDocumentation(java.lang.String,javax.servlet.http.HttpServletRequest)]
2019-10-25 09:02:21.510  INFO 16720 --- [restartedMain] o.s.s.concurrent.ThreadPoolTaskExecutor  : Initializing ExecutorService 'applicationTaskExecutor'
2019-10-25 09:02:21.561  INFO 16720 --- [restartedMain] o.s.b.d.a.OptionalLiveReloadServer       : LiveReload server is running on port 35729
2019-10-25 09:02:21.657  INFO 16720 --- [restartedMain] o.s.b.a.w.s.WelcomePageHandlerMapping    : Adding welcome page: class path resource [static/index.html]
2019-10-25 09:02:22.093  INFO 16720 --- [restartedMain] d.s.w.p.DocumentationPluginsBootstrapper : Context refreshed
2019-10-25 09:02:22.143  INFO 16720 --- [restartedMain] d.s.w.p.DocumentationPluginsBootstrapper : Found 1 custom documentation plugin(s)
2019-10-25 09:02:22.188  INFO 16720 --- [restartedMain] s.d.s.w.s.ApiListingReferenceScanner     : Scanning for api listing references
2019-10-25 09:02:22.407  INFO 16720 --- [restartedMain] .d.s.w.r.o.CachingOperationNameGenerator : Generating unique operation named: loginUsingPOST_1
2019-10-25 09:02:22.510  INFO 16720 --- [restartedMain] o.s.b.w.embedded.tomcat.TomcatWebServer  : Tomcat started on port(s): 8888 (http) with context path ''
2019-10-25 09:02:22.516  INFO 16720 --- [restartedMain] com.suresec.smart.AppStarter             : Started AppStarter in 15.735 seconds (JVM running for 17.511)
2019-10-25 09:02:29.859  INFO 16720 --- [http-nio-8888-exec-1] o.a.c.c.C.[Tomcat].[localhost].[/]       : Initializing Spring DispatcherServlet 'dispatcherServlet'
2019-10-25 09:02:29.860  INFO 16720 --- [http-nio-8888-exec-1] o.s.web.servlet.DispatcherServlet        : Initializing Servlet 'dispatcherServlet'
2019-10-25 09:02:29.979  INFO 16720 --- [http-nio-8888-exec-1] o.s.web.servlet.DispatcherServlet        : Completed initialization in 119 ms
2019-10-25 09:02:30.326  INFO 16720 --- [http-nio-8888-exec-2] c.suresec.smart.component.WebLogAspect   : {"result":"20000请求成功","method":"POST","start_Time":"2019-10-25 09:02:30","spend_Time":"21","ip":"0:0:0:0:0:0:0:1","parameter":"Sys_users(username=admin, name=null, companyid=null, password=111111, status=null, create_usr=null, timestamp=null)","base_Path":"http://localhost:8888","description":"登录","id":0,"uri":"/prod-api/user/login","url":"http://localhost:8888/prod-api/user/login"}
2019-10-25 09:02:30.810  INFO 16720 --- [http-nio-8888-exec-4] c.s.smart.interceptor.LoginInterceptor   : sessionId为：22600C0E475144F1477B5B3826BB9CC2
2019-10-25 09:02:30.814  INFO 16720 --- [http-nio-8888-exec-4] c.suresec.smart.component.WebLogAspect   : {"result":"20000请求成功","method":"GET","start_Time":"2019-10-25 09:02:30","spend_Time":"0","ip":"0:0:0:0:0:0:0:1","parameter":"null","base_Path":"http://localhost:8888","description":"获取用户信息","id":0,"uri":"/prod-api/user/info","url":"http://localhost:8888/prod-api/user/info"}
2019-10-25 09:02:33.840  INFO 16720 --- [http-nio-8888-exec-6] c.s.smart.interceptor.LoginInterceptor   : sessionId为：22600C0E475144F1477B5B3826BB9CC2
2019-10-25 09:02:34.007  INFO 16720 --- [http-nio-8888-exec-6] c.suresec.smart.component.WebLogAspect   : {"result":"20000请求成功","method":"GET","start_Time":"2019-10-25 09:02:33","spend_Time":"162","ip":"0:0:0:0:0:0:0:1","parameter":"{arg1=admin,visitor}","base_Path":"http://localhost:8888","description":"根据roles权限生成可访问的路由表","id":0,"uri":"/prod-api/menuManage/getMenuByRole","url":"http://localhost:8888/prod-api/menuManage/getMenuByRole"}
2019-10-25 09:03:19.712  INFO 16720 --- [http-nio-8888-exec-2] c.s.smart.interceptor.LoginInterceptor   : sessionId为：22600C0E475144F1477B5B3826BB9CC2
2019-10-25 09:03:19.716  INFO 16720 --- [http-nio-8888-exec-1] c.s.smart.interceptor.LoginInterceptor   : sessionId为：22600C0E475144F1477B5B3826BB9CC2
2019-10-25 10:24:32.599  INFO 37564 --- [restartedMain] com.suresec.smart.AppStarter             : Starting AppStarter on LAPTOP-9JI6HR7S with PID 37564 (E:\eclipse2018-workspace\smart\target\classes started by 19820 in E:\eclipse2018-workspace\smart)
2019-10-25 10:24:32.608  INFO 37564 --- [restartedMain] com.suresec.smart.AppStarter             : No active profile set, falling back to default profiles: default
2019-10-25 10:24:32.923  INFO 37564 --- [restartedMain] .e.DevToolsPropertyDefaultsPostProcessor : Devtools property defaults active! Set 'spring.devtools.add-properties' to 'false' to disable
2019-10-25 10:24:32.925  INFO 37564 --- [restartedMain] .e.DevToolsPropertyDefaultsPostProcessor : For additional web related logging consider setting the 'logging.level.web' property to 'DEBUG'
2019-10-25 10:24:36.752  INFO 37564 --- [restartedMain] .s.d.r.c.RepositoryConfigurationDelegate : Bootstrapping Spring Data repositories in DEFAULT mode.
2019-10-25 10:24:36.992  INFO 37564 --- [restartedMain] .s.d.r.c.RepositoryConfigurationDelegate : Finished Spring Data repository scanning in 191ms. Found 3 repository interfaces.
2019-10-25 10:24:38.124  INFO 37564 --- [restartedMain] trationDelegate$BeanPostProcessorChecker : Bean 'org.springframework.transaction.annotation.ProxyTransactionManagementConfiguration' of type [org.springframework.transaction.annotation.ProxyTransactionManagementConfiguration$$EnhancerBySpringCGLIB$$1e984959] is not eligible for getting processed by all BeanPostProcessors (for example: not eligible for auto-proxying)
2019-10-25 10:24:39.616  INFO 37564 --- [restartedMain] o.s.b.w.embedded.tomcat.TomcatWebServer  : Tomcat initialized with port(s): 8888 (http)
2019-10-25 10:24:39.674  INFO 37564 --- [restartedMain] o.apache.catalina.core.StandardService   : Starting service [Tomcat]
2019-10-25 10:24:39.675  INFO 37564 --- [restartedMain] org.apache.catalina.core.StandardEngine  : Starting Servlet Engine: Apache Tomcat/8.5.43
2019-10-25 10:24:39.699  INFO 37564 --- [localhost-startStop-1] o.a.catalina.core.AprLifecycleListener   : An older version [1.2.21] of the APR based Apache Tomcat Native library is installed, while Tomcat recommends a minimum version of [1.2.23]
2019-10-25 10:24:39.700  INFO 37564 --- [localhost-startStop-1] o.a.catalina.core.AprLifecycleListener   : Loaded APR based Apache Tomcat Native library [1.2.21] using APR version [1.6.5].
2019-10-25 10:24:39.700  INFO 37564 --- [localhost-startStop-1] o.a.catalina.core.AprLifecycleListener   : APR capabilities: IPv6 [true], sendfile [true], accept filters [false], random [true].
2019-10-25 10:24:39.701  INFO 37564 --- [localhost-startStop-1] o.a.catalina.core.AprLifecycleListener   : APR/OpenSSL configuration: useAprConnector [false], useOpenSSL [true]
2019-10-25 10:24:39.710  INFO 37564 --- [localhost-startStop-1] o.a.catalina.core.AprLifecycleListener   : OpenSSL successfully initialized [OpenSSL 1.1.1a  20 Nov 2018]
2019-10-25 10:24:40.200  INFO 37564 --- [localhost-startStop-1] org.apache.jasper.servlet.TldScanner     : At least one JAR was scanned for TLDs yet contained no TLDs. Enable debug logging for this logger for a complete list of JARs that were scanned but no TLDs were found in them. Skipping unneeded JARs during scanning can improve startup time and JSP compilation time.
2019-10-25 10:24:40.215  INFO 37564 --- [localhost-startStop-1] o.a.c.c.C.[Tomcat].[localhost].[/]       : Initializing Spring embedded WebApplicationContext
2019-10-25 10:24:40.216  INFO 37564 --- [localhost-startStop-1] o.s.web.context.ContextLoader            : Root WebApplicationContext: initialization completed in 7289 ms
2019-10-25 10:24:40.767  INFO 37564 --- [restartedMain] com.zaxxer.hikari.HikariDataSource       : HikariPool-1 - Starting...
2019-10-25 10:24:41.289  INFO 37564 --- [restartedMain] com.zaxxer.hikari.HikariDataSource       : HikariPool-1 - Start completed.
2019-10-25 10:24:41.475  INFO 37564 --- [restartedMain] o.hibernate.jpa.internal.util.LogHelper  : HHH000204: Processing PersistenceUnitInfo [
	name: default
	...]
2019-10-25 10:24:41.644  INFO 37564 --- [restartedMain] org.hibernate.Version                    : HHH000412: Hibernate Core {5.3.10.Final}
2019-10-25 10:24:41.646  INFO 37564 --- [restartedMain] org.hibernate.cfg.Environment            : HHH000206: hibernate.properties not found
2019-10-25 10:24:42.035  INFO 37564 --- [restartedMain] o.hibernate.annotations.common.Version   : HCANN000001: Hibernate Commons Annotations {5.0.4.Final}
2019-10-25 10:24:42.410  INFO 37564 --- [restartedMain] org.hibernate.dialect.Dialect            : HHH000400: Using dialect: org.hibernate.dialect.MySQL5InnoDBDialect
2019-10-25 10:24:44.281  INFO 37564 --- [restartedMain] j.LocalContainerEntityManagerFactoryBean : Initialized JPA EntityManagerFactory for persistence unit 'default'
2019-10-25 10:24:45.965  INFO 37564 --- [restartedMain] o.h.h.i.QueryTranslatorFactoryInitiator  : HHH000397: Using ASTQueryTranslatorFactory
2019-10-25 10:24:46.893  WARN 37564 --- [restartedMain] aWebConfiguration$JpaWebMvcConfiguration : spring.jpa.open-in-view is enabled by default. Therefore, database queries may be performed during view rendering. Explicitly configure spring.jpa.open-in-view to disable this warning
2019-10-25 10:24:47.145  INFO 37564 --- [restartedMain] pertySourcedRequestMappingHandlerMapping : Mapped URL path [/v2/api-docs] onto method [public org.springframework.http.ResponseEntity<springfox.documentation.spring.web.json.Json> springfox.documentation.swagger2.web.Swagger2Controller.getDocumentation(java.lang.String,javax.servlet.http.HttpServletRequest)]
2019-10-25 10:24:47.533  INFO 37564 --- [restartedMain] o.s.s.concurrent.ThreadPoolTaskExecutor  : Initializing ExecutorService 'applicationTaskExecutor'
2019-10-25 10:24:47.581  INFO 37564 --- [restartedMain] o.s.b.d.a.OptionalLiveReloadServer       : LiveReload server is running on port 35729
2019-10-25 10:24:47.645  INFO 37564 --- [restartedMain] o.s.b.a.w.s.WelcomePageHandlerMapping    : Adding welcome page: class path resource [static/index.html]
2019-10-25 10:24:48.117  INFO 37564 --- [restartedMain] d.s.w.p.DocumentationPluginsBootstrapper : Context refreshed
2019-10-25 10:24:48.164  INFO 37564 --- [restartedMain] d.s.w.p.DocumentationPluginsBootstrapper : Found 1 custom documentation plugin(s)
2019-10-25 10:24:48.207  INFO 37564 --- [restartedMain] s.d.s.w.s.ApiListingReferenceScanner     : Scanning for api listing references
2019-10-25 10:24:48.629  INFO 37564 --- [restartedMain] o.s.b.w.embedded.tomcat.TomcatWebServer  : Tomcat started on port(s): 8888 (http) with context path ''
2019-10-25 10:24:48.633  INFO 37564 --- [restartedMain] com.suresec.smart.AppStarter             : Started AppStarter in 17.233 seconds (JVM running for 19.5)
2019-10-25 10:26:24.870  INFO 37564 --- [http-nio-8888-exec-10] o.a.c.c.C.[Tomcat].[localhost].[/]       : Initializing Spring DispatcherServlet 'dispatcherServlet'
2019-10-25 10:26:24.870  INFO 37564 --- [http-nio-8888-exec-10] o.s.web.servlet.DispatcherServlet        : Initializing Servlet 'dispatcherServlet'
2019-10-25 10:26:24.932  INFO 37564 --- [http-nio-8888-exec-10] o.s.web.servlet.DispatcherServlet        : Completed initialization in 61 ms
2019-10-25 10:26:25.054  INFO 37564 --- [http-nio-8888-exec-9] c.s.smart.interceptor.LoginInterceptor   : sessionId为：null
2019-10-25 10:26:54.986  INFO 37564 --- [http-nio-8888-exec-7] c.suresec.smart.component.WebLogAspect   : {"result":"20000请求成功","method":"POST","start_Time":"2019-10-25 10:26:54","spend_Time":"17","ip":"0:0:0:0:0:0:0:1","parameter":"Sys_users(username=admin, name=null, companyid=null, password=111111, status=null, create_usr=null, timestamp=null)","base_Path":"http://localhost:8888","description":"登录","id":0,"uri":"/prod-api/user/login","url":"http://localhost:8888/prod-api/user/login"}
2019-10-25 10:26:55.328  INFO 37564 --- [http-nio-8888-exec-5] c.s.smart.interceptor.LoginInterceptor   : sessionId为：FBC3D99EF8D72E183BCDBDE33214FA52
2019-10-25 10:26:55.331  INFO 37564 --- [http-nio-8888-exec-5] c.suresec.smart.component.WebLogAspect   : {"result":"20000请求成功","method":"GET","start_Time":"2019-10-25 10:26:55","spend_Time":"0","ip":"0:0:0:0:0:0:0:1","parameter":"null","base_Path":"http://localhost:8888","description":"获取用户信息","id":0,"uri":"/prod-api/user/info","url":"http://localhost:8888/prod-api/user/info"}
2019-10-25 10:26:55.543  INFO 37564 --- [http-nio-8888-exec-3] c.s.smart.interceptor.LoginInterceptor   : sessionId为：FBC3D99EF8D72E183BCDBDE33214FA52
2019-10-25 10:26:55.679  INFO 37564 --- [http-nio-8888-exec-3] c.suresec.smart.component.WebLogAspect   : {"result":"20000请求成功","method":"GET","start_Time":"2019-10-25 10:26:55","spend_Time":"128","ip":"0:0:0:0:0:0:0:1","parameter":"{arg1=admin,visitor}","base_Path":"http://localhost:8888","description":"根据roles权限生成可访问的路由表","id":0,"uri":"/prod-api/menuManage/getMenuByRole","url":"http://localhost:8888/prod-api/menuManage/getMenuByRole"}
2019-10-25 10:27:20.793  INFO 37564 --- [http-nio-8888-exec-9] c.suresec.smart.component.WebLogAspect   : {"result":"20000请求成功","method":"POST","start_Time":"2019-10-25 10:27:20","spend_Time":"0","ip":"0:0:0:0:0:0:0:1","parameter":"Sys_users(username=admin, name=null, companyid=null, password=111111, status=null, create_usr=null, timestamp=null)","base_Path":"http://localhost:8888","description":"登录","id":0,"uri":"/prod-api/user/login","url":"http://localhost:8888/prod-api/user/login"}
2019-10-25 10:27:20.839  INFO 37564 --- [http-nio-8888-exec-7] c.s.smart.interceptor.LoginInterceptor   : sessionId为：01B4A86E56B495324C1DAC86E778680F
2019-10-25 10:27:20.840  INFO 37564 --- [http-nio-8888-exec-7] c.suresec.smart.component.WebLogAspect   : {"result":"20000请求成功","method":"GET","start_Time":"2019-10-25 10:27:20","spend_Time":"0","ip":"0:0:0:0:0:0:0:1","parameter":"null","base_Path":"http://localhost:8888","description":"获取用户信息","id":0,"uri":"/prod-api/user/info","url":"http://localhost:8888/prod-api/user/info"}
2019-10-25 10:27:20.865  INFO 37564 --- [http-nio-8888-exec-5] c.s.smart.interceptor.LoginInterceptor   : sessionId为：01B4A86E56B495324C1DAC86E778680F
2019-10-25 10:27:20.904  INFO 37564 --- [http-nio-8888-exec-5] c.suresec.smart.component.WebLogAspect   : {"result":"20000请求成功","method":"GET","start_Time":"2019-10-25 10:27:20","spend_Time":"37","ip":"0:0:0:0:0:0:0:1","parameter":"{arg1=admin,visitor}","base_Path":"http://localhost:8888","description":"根据roles权限生成可访问的路由表","id":0,"uri":"/prod-api/menuManage/getMenuByRole","url":"http://localhost:8888/prod-api/menuManage/getMenuByRole"}
2019-10-25 10:27:38.409  INFO 37564 --- [http-nio-8888-exec-10] c.s.smart.interceptor.LoginInterceptor   : sessionId为：01B4A86E56B495324C1DAC86E778680F
2019-10-25 10:27:38.473  INFO 37564 --- [http-nio-8888-exec-9] c.s.smart.interceptor.LoginInterceptor   : sessionId为：01B4A86E56B495324C1DAC86E778680F
2019-10-25 10:33:20.471  INFO 6804 --- [restartedMain] com.suresec.smart.AppStarter             : Starting AppStarter on LAPTOP-9JI6HR7S with PID 6804 (E:\eclipse2018-workspace\smart\target\classes started by 19820 in E:\eclipse2018-workspace\smart)
2019-10-25 10:33:20.478  INFO 6804 --- [restartedMain] com.suresec.smart.AppStarter             : No active profile set, falling back to default profiles: default
2019-10-25 10:33:20.644  INFO 6804 --- [restartedMain] .e.DevToolsPropertyDefaultsPostProcessor : Devtools property defaults active! Set 'spring.devtools.add-properties' to 'false' to disable
2019-10-25 10:33:20.644  INFO 6804 --- [restartedMain] .e.DevToolsPropertyDefaultsPostProcessor : For additional web related logging consider setting the 'logging.level.web' property to 'DEBUG'
2019-10-25 10:33:25.092  INFO 6804 --- [restartedMain] .s.d.r.c.RepositoryConfigurationDelegate : Bootstrapping Spring Data repositories in DEFAULT mode.
2019-10-25 10:33:25.313  INFO 6804 --- [restartedMain] .s.d.r.c.RepositoryConfigurationDelegate : Finished Spring Data repository scanning in 193ms. Found 3 repository interfaces.
2019-10-25 10:33:26.221  INFO 6804 --- [restartedMain] trationDelegate$BeanPostProcessorChecker : Bean 'org.springframework.transaction.annotation.ProxyTransactionManagementConfiguration' of type [org.springframework.transaction.annotation.ProxyTransactionManagementConfiguration$$EnhancerBySpringCGLIB$$fa04c5fb] is not eligible for getting processed by all BeanPostProcessors (for example: not eligible for auto-proxying)
2019-10-25 10:33:28.178  INFO 6804 --- [restartedMain] o.s.b.w.embedded.tomcat.TomcatWebServer  : Tomcat initialized with port(s): 8888 (http)
2019-10-25 10:33:28.249  INFO 6804 --- [restartedMain] o.apache.catalina.core.StandardService   : Starting service [Tomcat]
2019-10-25 10:33:28.250  INFO 6804 --- [restartedMain] org.apache.catalina.core.StandardEngine  : Starting Servlet Engine: Apache Tomcat/8.5.43
2019-10-25 10:33:28.285  INFO 6804 --- [localhost-startStop-1] o.a.catalina.core.AprLifecycleListener   : An older version [1.2.21] of the APR based Apache Tomcat Native library is installed, while Tomcat recommends a minimum version of [1.2.23]
2019-10-25 10:33:28.286  INFO 6804 --- [localhost-startStop-1] o.a.catalina.core.AprLifecycleListener   : Loaded APR based Apache Tomcat Native library [1.2.21] using APR version [1.6.5].
2019-10-25 10:33:28.287  INFO 6804 --- [localhost-startStop-1] o.a.catalina.core.AprLifecycleListener   : APR capabilities: IPv6 [true], sendfile [true], accept filters [false], random [true].
2019-10-25 10:33:28.288  INFO 6804 --- [localhost-startStop-1] o.a.catalina.core.AprLifecycleListener   : APR/OpenSSL configuration: useAprConnector [false], useOpenSSL [true]
2019-10-25 10:33:28.296  INFO 6804 --- [localhost-startStop-1] o.a.catalina.core.AprLifecycleListener   : OpenSSL successfully initialized [OpenSSL 1.1.1a  20 Nov 2018]
2019-10-25 10:33:28.744  INFO 6804 --- [localhost-startStop-1] org.apache.jasper.servlet.TldScanner     : At least one JAR was scanned for TLDs yet contained no TLDs. Enable debug logging for this logger for a complete list of JARs that were scanned but no TLDs were found in them. Skipping unneeded JARs during scanning can improve startup time and JSP compilation time.
2019-10-25 10:33:28.753  INFO 6804 --- [localhost-startStop-1] o.a.c.c.C.[Tomcat].[localhost].[/]       : Initializing Spring embedded WebApplicationContext
2019-10-25 10:33:28.754  INFO 6804 --- [localhost-startStop-1] o.s.web.context.ContextLoader            : Root WebApplicationContext: initialization completed in 8110 ms
2019-10-25 10:33:29.372  INFO 6804 --- [restartedMain] com.zaxxer.hikari.HikariDataSource       : HikariPool-1 - Starting...
2019-10-25 10:33:30.102  INFO 6804 --- [restartedMain] com.zaxxer.hikari.HikariDataSource       : HikariPool-1 - Start completed.
2019-10-25 10:33:30.421  INFO 6804 --- [restartedMain] o.hibernate.jpa.internal.util.LogHelper  : HHH000204: Processing PersistenceUnitInfo [
	name: default
	...]
2019-10-25 10:33:30.904  INFO 6804 --- [restartedMain] org.hibernate.Version                    : HHH000412: Hibernate Core {5.3.10.Final}
2019-10-25 10:33:30.917  INFO 6804 --- [restartedMain] org.hibernate.cfg.Environment            : HHH000206: hibernate.properties not found
2019-10-25 10:33:31.428  INFO 6804 --- [restartedMain] o.hibernate.annotations.common.Version   : HCANN000001: Hibernate Commons Annotations {5.0.4.Final}
2019-10-25 10:33:32.010  INFO 6804 --- [restartedMain] org.hibernate.dialect.Dialect            : HHH000400: Using dialect: org.hibernate.dialect.MySQL5InnoDBDialect
2019-10-25 10:33:33.481  INFO 6804 --- [restartedMain] j.LocalContainerEntityManagerFactoryBean : Initialized JPA EntityManagerFactory for persistence unit 'default'
2019-10-25 10:33:34.635  INFO 6804 --- [restartedMain] o.h.h.i.QueryTranslatorFactoryInitiator  : HHH000397: Using ASTQueryTranslatorFactory
2019-10-25 10:33:36.248  WARN 6804 --- [restartedMain] aWebConfiguration$JpaWebMvcConfiguration : spring.jpa.open-in-view is enabled by default. Therefore, database queries may be performed during view rendering. Explicitly configure spring.jpa.open-in-view to disable this warning
2019-10-25 10:33:36.965  INFO 6804 --- [restartedMain] pertySourcedRequestMappingHandlerMapping : Mapped URL path [/v2/api-docs] onto method [public org.springframework.http.ResponseEntity<springfox.documentation.spring.web.json.Json> springfox.documentation.swagger2.web.Swagger2Controller.getDocumentation(java.lang.String,javax.servlet.http.HttpServletRequest)]
2019-10-25 10:33:37.844  INFO 6804 --- [restartedMain] o.s.s.concurrent.ThreadPoolTaskExecutor  : Initializing ExecutorService 'applicationTaskExecutor'
2019-10-25 10:33:38.024  INFO 6804 --- [restartedMain] o.s.b.d.a.OptionalLiveReloadServer       : LiveReload server is running on port 35729
2019-10-25 10:33:38.195  INFO 6804 --- [restartedMain] o.s.b.a.w.s.WelcomePageHandlerMapping    : Adding welcome page: class path resource [static/index.html]
2019-10-25 10:33:39.766  INFO 6804 --- [restartedMain] d.s.w.p.DocumentationPluginsBootstrapper : Context refreshed
2019-10-25 10:33:39.935  INFO 6804 --- [restartedMain] d.s.w.p.DocumentationPluginsBootstrapper : Found 1 custom documentation plugin(s)
2019-10-25 10:33:40.227  INFO 6804 --- [restartedMain] s.d.s.w.s.ApiListingReferenceScanner     : Scanning for api listing references
2019-10-25 10:33:41.000  INFO 6804 --- [restartedMain] .d.s.w.r.o.CachingOperationNameGenerator : Generating unique operation named: infoUsingGET_1
2019-10-25 10:33:41.449  INFO 6804 --- [restartedMain] o.s.b.w.embedded.tomcat.TomcatWebServer  : Tomcat started on port(s): 8888 (http) with context path ''
2019-10-25 10:33:41.453  INFO 6804 --- [restartedMain] com.suresec.smart.AppStarter             : Started AppStarter in 22.677 seconds (JVM running for 24.834)
2019-10-25 10:33:46.269  INFO 6804 --- [http-nio-8888-exec-10] o.a.c.c.C.[Tomcat].[localhost].[/]       : Initializing Spring DispatcherServlet 'dispatcherServlet'
2019-10-25 10:33:46.269  INFO 6804 --- [http-nio-8888-exec-10] o.s.web.servlet.DispatcherServlet        : Initializing Servlet 'dispatcherServlet'
2019-10-25 10:33:46.339  INFO 6804 --- [http-nio-8888-exec-10] o.s.web.servlet.DispatcherServlet        : Completed initialization in 70 ms
2019-10-25 10:33:46.637  INFO 6804 --- [http-nio-8888-exec-9] c.suresec.smart.component.WebLogAspect   : {"result":"20000请求成功","method":"POST","start_Time":"2019-10-25 10:33:46","spend_Time":"20","ip":"0:0:0:0:0:0:0:1","parameter":"Sys_users(username=admin, name=null, companyid=null, password=111111, status=null, create_usr=null, timestamp=null)","base_Path":"http://localhost:8888","description":"登录","id":0,"uri":"/prod-api/user/login","url":"http://localhost:8888/prod-api/user/login"}
2019-10-25 10:33:46.951  INFO 6804 --- [http-nio-8888-exec-8] c.s.smart.interceptor.LoginInterceptor   : sessionId为：E56BFE107334CFA72B6230117A03519F
2019-10-25 10:33:46.955  INFO 6804 --- [http-nio-8888-exec-8] c.suresec.smart.component.WebLogAspect   : {"result":"20000请求成功","method":"GET","start_Time":"2019-10-25 10:33:46","spend_Time":"2","ip":"0:0:0:0:0:0:0:1","parameter":"null","base_Path":"http://localhost:8888","description":"获取用户信息","id":0,"uri":"/prod-api/user/info","url":"http://localhost:8888/prod-api/user/info"}
2019-10-25 10:33:46.997  INFO 6804 --- [http-nio-8888-exec-5] c.s.smart.interceptor.LoginInterceptor   : sessionId为：E56BFE107334CFA72B6230117A03519F
2019-10-25 10:33:47.150  INFO 6804 --- [http-nio-8888-exec-5] c.suresec.smart.component.WebLogAspect   : {"result":"20000请求成功","method":"GET","start_Time":"2019-10-25 10:33:47","spend_Time":"149","ip":"0:0:0:0:0:0:0:1","parameter":"{arg1=admin,visitor}","base_Path":"http://localhost:8888","description":"根据roles权限生成可访问的路由表","id":0,"uri":"/prod-api/menuManage/getMenuByRole","url":"http://localhost:8888/prod-api/menuManage/getMenuByRole"}
2019-10-25 10:33:53.301  INFO 6804 --- [http-nio-8888-exec-2] c.s.smart.interceptor.LoginInterceptor   : sessionId为：E56BFE107334CFA72B6230117A03519F
2019-10-25 10:33:53.308  INFO 6804 --- [http-nio-8888-exec-1] c.s.smart.interceptor.LoginInterceptor   : sessionId为：E56BFE107334CFA72B6230117A03519F
2019-10-25 10:34:00.114  INFO 6804 --- [http-nio-8888-exec-6] c.s.smart.interceptor.LoginInterceptor   : sessionId为：E56BFE107334CFA72B6230117A03519F
2019-10-25 10:34:00.116  INFO 6804 --- [http-nio-8888-exec-6] c.suresec.smart.component.WebLogAspect   : {"result":"20000请求成功","method":"GET","start_Time":"2019-10-25 10:34:00","spend_Time":"0","ip":"0:0:0:0:0:0:0:1","parameter":"null","base_Path":"http://localhost:8888","description":"获取菜单树形结构","id":0,"uri":"/prod-api/menuManage/getTree","url":"http://localhost:8888/prod-api/menuManage/getTree"}
2019-10-25 10:34:00.140  INFO 6804 --- [http-nio-8888-exec-8] c.s.smart.interceptor.LoginInterceptor   : sessionId为：E56BFE107334CFA72B6230117A03519F
2019-10-25 10:34:00.142  INFO 6804 --- [http-nio-8888-exec-8] c.suresec.smart.component.WebLogAspect   : {"result":"20000请求成功","method":"GET","start_Time":"2019-10-25 10:34:00","spend_Time":"0","ip":"0:0:0:0:0:0:0:1","parameter":"null","base_Path":"http://localhost:8888","description":"菜单查询列表","id":0,"uri":"/prod-api/menuManage/list","url":"http://localhost:8888/prod-api/menuManage/list"}
2019-10-25 10:37:55.973  INFO 6804 --- [http-nio-8888-exec-7] c.s.smart.interceptor.LoginInterceptor   : sessionId为：E56BFE107334CFA72B6230117A03519F
2019-10-25 10:37:56.020  INFO 6804 --- [http-nio-8888-exec-7] c.suresec.smart.component.WebLogAspect   : {"result":"20000请求成功","method":"GET","start_Time":"2019-10-25 10:37:55","spend_Time":"46","ip":"0:0:0:0:0:0:0:1","parameter":"{arg1=admin}","base_Path":"http://localhost:8888","description":"根据roles权限生成可访问的路由表","id":0,"uri":"/prod-api/menuManage/getMenuByRole","url":"http://localhost:8888/prod-api/menuManage/getMenuByRole"}
2019-10-25 10:39:27.065  INFO 6804 --- [http-nio-8888-exec-2] c.s.smart.interceptor.LoginInterceptor   : sessionId为：E56BFE107334CFA72B6230117A03519F
2019-10-25 10:39:27.070  INFO 6804 --- [http-nio-8888-exec-2] c.suresec.smart.component.WebLogAspect   : {"result":"20000请求成功","method":"GET","start_Time":"2019-10-25 10:39:27","spend_Time":"0","ip":"0:0:0:0:0:0:0:1","parameter":"null","base_Path":"http://localhost:8888","description":"菜单查询列表","id":0,"uri":"/prod-api/menuManage/list","url":"http://localhost:8888/prod-api/menuManage/list"}
2019-10-25 11:01:06.540  INFO 6804 --- [Thread-5] o.s.s.concurrent.ThreadPoolTaskExecutor  : Shutting down ExecutorService 'applicationTaskExecutor'
2019-10-25 11:01:06.551  INFO 6804 --- [Thread-5] j.LocalContainerEntityManagerFactoryBean : Closing JPA EntityManagerFactory for persistence unit 'default'
2019-10-25 11:01:06.562  INFO 6804 --- [Thread-5] com.zaxxer.hikari.HikariDataSource       : HikariPool-1 - Shutdown initiated...
2019-10-25 11:01:06.637  INFO 6804 --- [Thread-5] com.zaxxer.hikari.HikariDataSource       : HikariPool-1 - Shutdown completed.
2019-10-25 11:01:07.492  INFO 6804 --- [restartedMain] com.suresec.smart.AppStarter             : Starting AppStarter on LAPTOP-9JI6HR7S with PID 6804 (E:\eclipse2018-workspace\smart\target\classes started by 19820 in E:\eclipse2018-workspace\smart)
2019-10-25 11:01:07.494  INFO 6804 --- [restartedMain] com.suresec.smart.AppStarter             : No active profile set, falling back to default profiles: default
2019-10-25 11:01:10.564  INFO 6804 --- [restartedMain] .s.d.r.c.RepositoryConfigurationDelegate : Bootstrapping Spring Data repositories in DEFAULT mode.
2019-10-25 11:01:10.640  INFO 6804 --- [restartedMain] .s.d.r.c.RepositoryConfigurationDelegate : Finished Spring Data repository scanning in 75ms. Found 3 repository interfaces.
2019-10-25 11:01:10.899  INFO 6804 --- [restartedMain] trationDelegate$BeanPostProcessorChecker : Bean 'org.springframework.transaction.annotation.ProxyTransactionManagementConfiguration' of type [org.springframework.transaction.annotation.ProxyTransactionManagementConfiguration$$EnhancerBySpringCGLIB$$fa04c5fb] is not eligible for getting processed by all BeanPostProcessors (for example: not eligible for auto-proxying)
2019-10-25 11:01:11.626  INFO 6804 --- [restartedMain] o.s.b.w.embedded.tomcat.TomcatWebServer  : Tomcat initialized with port(s): 8888 (http)
2019-10-25 11:01:11.635  INFO 6804 --- [restartedMain] o.apache.catalina.core.StandardService   : Starting service [Tomcat]
2019-10-25 11:01:11.635  INFO 6804 --- [restartedMain] org.apache.catalina.core.StandardEngine  : Starting Servlet Engine: Apache Tomcat/8.5.43
2019-10-25 11:01:11.697  INFO 6804 --- [localhost-startStop-1] o.a.catalina.core.AprLifecycleListener   : An older version [1.2.21] of the APR based Apache Tomcat Native library is installed, while Tomcat recommends a minimum version of [1.2.23]
2019-10-25 11:01:11.698  INFO 6804 --- [localhost-startStop-1] o.a.catalina.core.AprLifecycleListener   : Loaded APR based Apache Tomcat Native library [1.2.21] using APR version [1.6.5].
2019-10-25 11:01:11.699  INFO 6804 --- [localhost-startStop-1] o.a.catalina.core.AprLifecycleListener   : APR capabilities: IPv6 [true], sendfile [true], accept filters [false], random [true].
2019-10-25 11:01:11.700  INFO 6804 --- [localhost-startStop-1] o.a.catalina.core.AprLifecycleListener   : APR/OpenSSL configuration: useAprConnector [false], useOpenSSL [true]
2019-10-25 11:01:11.704  INFO 6804 --- [localhost-startStop-1] o.a.catalina.core.AprLifecycleListener   : OpenSSL successfully initialized [OpenSSL 1.1.1a  20 Nov 2018]
2019-10-25 11:01:11.927  INFO 6804 --- [localhost-startStop-1] org.apache.jasper.servlet.TldScanner     : At least one JAR was scanned for TLDs yet contained no TLDs. Enable debug logging for this logger for a complete list of JARs that were scanned but no TLDs were found in them. Skipping unneeded JARs during scanning can improve startup time and JSP compilation time.
2019-10-25 11:01:11.929  INFO 6804 --- [localhost-startStop-1] o.a.c.c.C.[Tomcat].[localhost].[/]       : Initializing Spring embedded WebApplicationContext
2019-10-25 11:01:11.930  INFO 6804 --- [localhost-startStop-1] o.s.web.context.ContextLoader            : Root WebApplicationContext: initialization completed in 4425 ms
2019-10-25 11:01:12.400  INFO 6804 --- [restartedMain] com.zaxxer.hikari.HikariDataSource       : HikariPool-2 - Starting...
2019-10-25 11:01:12.413  INFO 6804 --- [restartedMain] com.zaxxer.hikari.HikariDataSource       : HikariPool-2 - Start completed.
2019-10-25 11:01:12.509  INFO 6804 --- [restartedMain] o.hibernate.jpa.internal.util.LogHelper  : HHH000204: Processing PersistenceUnitInfo [
	name: default
	...]
2019-10-25 11:01:12.820  INFO 6804 --- [restartedMain] org.hibernate.dialect.Dialect            : HHH000400: Using dialect: org.hibernate.dialect.MySQL5InnoDBDialect
2019-10-25 11:01:13.340  INFO 6804 --- [restartedMain] j.LocalContainerEntityManagerFactoryBean : Initialized JPA EntityManagerFactory for persistence unit 'default'
2019-10-25 11:01:14.291  INFO 6804 --- [restartedMain] o.h.h.i.QueryTranslatorFactoryInitiator  : HHH000397: Using ASTQueryTranslatorFactory
2019-10-25 11:01:15.495  WARN 6804 --- [restartedMain] aWebConfiguration$JpaWebMvcConfiguration : spring.jpa.open-in-view is enabled by default. Therefore, database queries may be performed during view rendering. Explicitly configure spring.jpa.open-in-view to disable this warning
2019-10-25 11:01:15.869  INFO 40196 --- [restartedMain] com.suresec.smart.AppStarter             : Starting AppStarter on LAPTOP-9JI6HR7S with PID 40196 (E:\eclipse2018-workspace\smart\target\classes started by 19820 in E:\eclipse2018-workspace\smart)
2019-10-25 11:01:15.874  INFO 40196 --- [restartedMain] com.suresec.smart.AppStarter             : No active profile set, falling back to default profiles: default
2019-10-25 11:01:16.284  INFO 40196 --- [restartedMain] .e.DevToolsPropertyDefaultsPostProcessor : Devtools property defaults active! Set 'spring.devtools.add-properties' to 'false' to disable
2019-10-25 11:01:16.285  INFO 40196 --- [restartedMain] .e.DevToolsPropertyDefaultsPostProcessor : For additional web related logging consider setting the 'logging.level.web' property to 'DEBUG'
2019-10-25 11:01:16.206  INFO 6804 --- [restartedMain] pertySourcedRequestMappingHandlerMapping : Mapped URL path [/v2/api-docs] onto method [public org.springframework.http.ResponseEntity<springfox.documentation.spring.web.json.Json> springfox.documentation.swagger2.web.Swagger2Controller.getDocumentation(java.lang.String,javax.servlet.http.HttpServletRequest)]
2019-10-25 11:01:19.112  INFO 6804 --- [restartedMain] o.s.s.concurrent.ThreadPoolTaskExecutor  : Initializing ExecutorService 'applicationTaskExecutor'
2019-10-25 11:01:19.145  INFO 6804 --- [restartedMain] o.s.b.d.a.OptionalLiveReloadServer       : LiveReload server is running on port 35729
2019-10-25 11:01:19.169  INFO 6804 --- [restartedMain] o.s.b.a.w.s.WelcomePageHandlerMapping    : Adding welcome page: class path resource [static/index.html]
2019-10-25 11:01:20.491  INFO 6804 --- [restartedMain] d.s.w.p.DocumentationPluginsBootstrapper : Context refreshed
2019-10-25 11:01:20.493  INFO 6804 --- [restartedMain] d.s.w.p.DocumentationPluginsBootstrapper : Found 1 custom documentation plugin(s)
2019-10-25 11:01:20.572  INFO 6804 --- [restartedMain] s.d.s.w.s.ApiListingReferenceScanner     : Scanning for api listing references
2019-10-25 11:01:20.681  INFO 6804 --- [restartedMain] .d.s.w.r.o.CachingOperationNameGenerator : Generating unique operation named: infoUsingGET_1
2019-10-25 11:01:20.732  INFO 6804 --- [restartedMain] o.s.b.w.embedded.tomcat.TomcatWebServer  : Tomcat started on port(s): 8888 (http) with context path ''
2019-10-25 11:01:20.734  INFO 6804 --- [restartedMain] com.suresec.smart.AppStarter             : Started AppStarter in 13.319 seconds (JVM running for 1684.115)
2019-10-25 11:01:20.744  INFO 6804 --- [restartedMain] .ConditionEvaluationDeltaLoggingListener : Condition evaluation unchanged
2019-10-25 11:01:21.278  INFO 40196 --- [restartedMain] .s.d.r.c.RepositoryConfigurationDelegate : Bootstrapping Spring Data repositories in DEFAULT mode.
2019-10-25 11:01:21.682  INFO 40196 --- [restartedMain] .s.d.r.c.RepositoryConfigurationDelegate : Finished Spring Data repository scanning in 383ms. Found 3 repository interfaces.
2019-10-25 11:01:23.155  INFO 40196 --- [restartedMain] trationDelegate$BeanPostProcessorChecker : Bean 'org.springframework.transaction.annotation.ProxyTransactionManagementConfiguration' of type [org.springframework.transaction.annotation.ProxyTransactionManagementConfiguration$$EnhancerBySpringCGLIB$$418c1d13] is not eligible for getting processed by all BeanPostProcessors (for example: not eligible for auto-proxying)
2019-10-25 11:01:25.618  INFO 40196 --- [restartedMain] o.s.b.w.embedded.tomcat.TomcatWebServer  : Tomcat initialized with port(s): 8888 (http)
2019-10-25 11:01:25.680  INFO 40196 --- [restartedMain] o.apache.catalina.core.StandardService   : Starting service [Tomcat]
2019-10-25 11:01:25.682  INFO 40196 --- [restartedMain] org.apache.catalina.core.StandardEngine  : Starting Servlet Engine: Apache Tomcat/8.5.43
2019-10-25 11:01:25.708  INFO 40196 --- [localhost-startStop-1] o.a.catalina.core.AprLifecycleListener   : An older version [1.2.21] of the APR based Apache Tomcat Native library is installed, while Tomcat recommends a minimum version of [1.2.23]
2019-10-25 11:01:25.709  INFO 40196 --- [localhost-startStop-1] o.a.catalina.core.AprLifecycleListener   : Loaded APR based Apache Tomcat Native library [1.2.21] using APR version [1.6.5].
2019-10-25 11:01:25.710  INFO 40196 --- [localhost-startStop-1] o.a.catalina.core.AprLifecycleListener   : APR capabilities: IPv6 [true], sendfile [true], accept filters [false], random [true].
2019-10-25 11:01:25.711  INFO 40196 --- [localhost-startStop-1] o.a.catalina.core.AprLifecycleListener   : APR/OpenSSL configuration: useAprConnector [false], useOpenSSL [true]
2019-10-25 11:01:25.719  INFO 40196 --- [localhost-startStop-1] o.a.catalina.core.AprLifecycleListener   : OpenSSL successfully initialized [OpenSSL 1.1.1a  20 Nov 2018]
2019-10-25 11:01:26.466  INFO 40196 --- [localhost-startStop-1] org.apache.jasper.servlet.TldScanner     : At least one JAR was scanned for TLDs yet contained no TLDs. Enable debug logging for this logger for a complete list of JARs that were scanned but no TLDs were found in them. Skipping unneeded JARs during scanning can improve startup time and JSP compilation time.
2019-10-25 11:01:26.478  INFO 40196 --- [localhost-startStop-1] o.a.c.c.C.[Tomcat].[localhost].[/]       : Initializing Spring embedded WebApplicationContext
2019-10-25 11:01:26.479  INFO 40196 --- [localhost-startStop-1] o.s.web.context.ContextLoader            : Root WebApplicationContext: initialization completed in 10194 ms
2019-10-25 11:01:27.054  INFO 40196 --- [restartedMain] com.zaxxer.hikari.HikariDataSource       : HikariPool-1 - Starting...
2019-10-25 11:01:27.548  INFO 40196 --- [restartedMain] com.zaxxer.hikari.HikariDataSource       : HikariPool-1 - Start completed.
2019-10-25 11:01:27.793  INFO 40196 --- [restartedMain] o.hibernate.jpa.internal.util.LogHelper  : HHH000204: Processing PersistenceUnitInfo [
	name: default
	...]
2019-10-25 11:01:28.056  INFO 40196 --- [restartedMain] org.hibernate.Version                    : HHH000412: Hibernate Core {5.3.10.Final}
2019-10-25 11:01:28.059  INFO 40196 --- [restartedMain] org.hibernate.cfg.Environment            : HHH000206: hibernate.properties not found
2019-10-25 11:01:28.604  INFO 40196 --- [restartedMain] o.hibernate.annotations.common.Version   : HCANN000001: Hibernate Commons Annotations {5.0.4.Final}
2019-10-25 11:01:29.143  INFO 40196 --- [restartedMain] org.hibernate.dialect.Dialect            : HHH000400: Using dialect: org.hibernate.dialect.MySQL5InnoDBDialect
2019-10-25 11:10:01.297  INFO 22272 --- [restartedMain] com.suresec.smart.AppStarter             : Starting AppStarter on LAPTOP-9JI6HR7S with PID 22272 (E:\eclipse2018-workspace\smart\target\classes started by 19820 in E:\eclipse2018-workspace\smart)
2019-10-25 11:10:01.302  INFO 22272 --- [restartedMain] com.suresec.smart.AppStarter             : No active profile set, falling back to default profiles: default
2019-10-25 11:10:01.391  INFO 22272 --- [restartedMain] .e.DevToolsPropertyDefaultsPostProcessor : Devtools property defaults active! Set 'spring.devtools.add-properties' to 'false' to disable
2019-10-25 11:10:01.391  INFO 22272 --- [restartedMain] .e.DevToolsPropertyDefaultsPostProcessor : For additional web related logging consider setting the 'logging.level.web' property to 'DEBUG'
2019-10-25 11:10:03.736  INFO 22272 --- [restartedMain] .s.d.r.c.RepositoryConfigurationDelegate : Bootstrapping Spring Data repositories in DEFAULT mode.
2019-10-25 11:10:03.996  INFO 22272 --- [restartedMain] .s.d.r.c.RepositoryConfigurationDelegate : Finished Spring Data repository scanning in 230ms. Found 3 repository interfaces.
2019-10-25 11:10:05.015  INFO 22272 --- [restartedMain] trationDelegate$BeanPostProcessorChecker : Bean 'org.springframework.transaction.annotation.ProxyTransactionManagementConfiguration' of type [org.springframework.transaction.annotation.ProxyTransactionManagementConfiguration$$EnhancerBySpringCGLIB$$d0e8757f] is not eligible for getting processed by all BeanPostProcessors (for example: not eligible for auto-proxying)
2019-10-25 11:10:06.224  INFO 22272 --- [restartedMain] o.s.b.w.embedded.tomcat.TomcatWebServer  : Tomcat initialized with port(s): 8888 (http)
2019-10-25 11:10:06.289  INFO 22272 --- [restartedMain] o.apache.catalina.core.StandardService   : Starting service [Tomcat]
2019-10-25 11:10:06.290  INFO 22272 --- [restartedMain] org.apache.catalina.core.StandardEngine  : Starting Servlet Engine: Apache Tomcat/8.5.43
2019-10-25 11:10:06.319  INFO 22272 --- [localhost-startStop-1] o.a.catalina.core.AprLifecycleListener   : An older version [1.2.21] of the APR based Apache Tomcat Native library is installed, while Tomcat recommends a minimum version of [1.2.23]
2019-10-25 11:10:06.320  INFO 22272 --- [localhost-startStop-1] o.a.catalina.core.AprLifecycleListener   : Loaded APR based Apache Tomcat Native library [1.2.21] using APR version [1.6.5].
2019-10-25 11:10:06.322  INFO 22272 --- [localhost-startStop-1] o.a.catalina.core.AprLifecycleListener   : APR capabilities: IPv6 [true], sendfile [true], accept filters [false], random [true].
2019-10-25 11:10:06.324  INFO 22272 --- [localhost-startStop-1] o.a.catalina.core.AprLifecycleListener   : APR/OpenSSL configuration: useAprConnector [false], useOpenSSL [true]
2019-10-25 11:10:06.331  INFO 22272 --- [localhost-startStop-1] o.a.catalina.core.AprLifecycleListener   : OpenSSL successfully initialized [OpenSSL 1.1.1a  20 Nov 2018]
2019-10-25 11:10:06.812  INFO 22272 --- [localhost-startStop-1] org.apache.jasper.servlet.TldScanner     : At least one JAR was scanned for TLDs yet contained no TLDs. Enable debug logging for this logger for a complete list of JARs that were scanned but no TLDs were found in them. Skipping unneeded JARs during scanning can improve startup time and JSP compilation time.
2019-10-25 11:10:06.824  INFO 22272 --- [localhost-startStop-1] o.a.c.c.C.[Tomcat].[localhost].[/]       : Initializing Spring embedded WebApplicationContext
2019-10-25 11:10:06.824  INFO 22272 --- [localhost-startStop-1] o.s.web.context.ContextLoader            : Root WebApplicationContext: initialization completed in 5433 ms
2019-10-25 11:10:07.142  INFO 22272 --- [restartedMain] com.zaxxer.hikari.HikariDataSource       : HikariPool-1 - Starting...
2019-10-25 11:10:07.462  INFO 22272 --- [restartedMain] com.zaxxer.hikari.HikariDataSource       : HikariPool-1 - Start completed.
2019-10-25 11:10:07.559  INFO 22272 --- [restartedMain] o.hibernate.jpa.internal.util.LogHelper  : HHH000204: Processing PersistenceUnitInfo [
	name: default
	...]
2019-10-25 11:10:07.774  INFO 22272 --- [restartedMain] org.hibernate.Version                    : HHH000412: Hibernate Core {5.3.10.Final}
2019-10-25 11:10:07.777  INFO 22272 --- [restartedMain] org.hibernate.cfg.Environment            : HHH000206: hibernate.properties not found
2019-10-25 11:10:08.020  INFO 22272 --- [restartedMain] o.hibernate.annotations.common.Version   : HCANN000001: Hibernate Commons Annotations {5.0.4.Final}
2019-10-25 11:10:08.316  INFO 22272 --- [restartedMain] org.hibernate.dialect.Dialect            : HHH000400: Using dialect: org.hibernate.dialect.MySQL5InnoDBDialect
2019-10-25 11:10:09.814  INFO 22272 --- [restartedMain] j.LocalContainerEntityManagerFactoryBean : Initialized JPA EntityManagerFactory for persistence unit 'default'
2019-10-25 11:10:11.155  INFO 22272 --- [restartedMain] o.h.h.i.QueryTranslatorFactoryInitiator  : HHH000397: Using ASTQueryTranslatorFactory
2019-10-25 11:10:13.020  WARN 22272 --- [restartedMain] aWebConfiguration$JpaWebMvcConfiguration : spring.jpa.open-in-view is enabled by default. Therefore, database queries may be performed during view rendering. Explicitly configure spring.jpa.open-in-view to disable this warning
2019-10-25 11:10:13.390  INFO 22272 --- [restartedMain] pertySourcedRequestMappingHandlerMapping : Mapped URL path [/v2/api-docs] onto method [public org.springframework.http.ResponseEntity<springfox.documentation.spring.web.json.Json> springfox.documentation.swagger2.web.Swagger2Controller.getDocumentation(java.lang.String,javax.servlet.http.HttpServletRequest)]
2019-10-25 11:10:13.783  INFO 22272 --- [restartedMain] o.s.s.concurrent.ThreadPoolTaskExecutor  : Initializing ExecutorService 'applicationTaskExecutor'
2019-10-25 11:10:13.869  INFO 22272 --- [restartedMain] o.s.b.d.a.OptionalLiveReloadServer       : LiveReload server is running on port 35729
2019-10-25 11:10:13.950  INFO 22272 --- [restartedMain] o.s.b.a.w.s.WelcomePageHandlerMapping    : Adding welcome page: class path resource [static/index.html]
2019-10-25 11:10:14.401  INFO 22272 --- [restartedMain] d.s.w.p.DocumentationPluginsBootstrapper : Context refreshed
2019-10-25 11:10:14.441  INFO 22272 --- [restartedMain] d.s.w.p.DocumentationPluginsBootstrapper : Found 1 custom documentation plugin(s)
2019-10-25 11:10:14.441  INFO 22272 --- [restartedMain] d.s.w.p.DocumentationPluginsBootstrapper : Skipping initializing disabled plugin bean swagger v2.0
2019-10-25 11:10:14.531  INFO 22272 --- [restartedMain] o.s.b.w.embedded.tomcat.TomcatWebServer  : Tomcat started on port(s): 8888 (http) with context path ''
2019-10-25 11:10:14.535  INFO 22272 --- [restartedMain] com.suresec.smart.AppStarter             : Started AppStarter in 14.014 seconds (JVM running for 14.838)
2019-10-25 11:10:28.248  INFO 22272 --- [http-nio-8888-exec-1] o.a.c.c.C.[Tomcat].[localhost].[/]       : Initializing Spring DispatcherServlet 'dispatcherServlet'
2019-10-25 11:10:28.248  INFO 22272 --- [http-nio-8888-exec-1] o.s.web.servlet.DispatcherServlet        : Initializing Servlet 'dispatcherServlet'
2019-10-25 11:10:28.272  INFO 22272 --- [http-nio-8888-exec-1] o.s.web.servlet.DispatcherServlet        : Completed initialization in 24 ms
2019-10-25 11:10:55.875  INFO 22272 --- [Thread-5] o.s.s.concurrent.ThreadPoolTaskExecutor  : Shutting down ExecutorService 'applicationTaskExecutor'
2019-10-25 11:10:55.879  INFO 22272 --- [Thread-5] j.LocalContainerEntityManagerFactoryBean : Closing JPA EntityManagerFactory for persistence unit 'default'
2019-10-25 11:10:55.885  INFO 22272 --- [Thread-5] com.zaxxer.hikari.HikariDataSource       : HikariPool-1 - Shutdown initiated...
2019-10-25 11:10:55.902  INFO 22272 --- [Thread-5] com.zaxxer.hikari.HikariDataSource       : HikariPool-1 - Shutdown completed.
2019-10-25 11:10:56.524  INFO 22272 --- [restartedMain] com.suresec.smart.AppStarter             : Starting AppStarter on LAPTOP-9JI6HR7S with PID 22272 (E:\eclipse2018-workspace\smart\target\classes started by 19820 in E:\eclipse2018-workspace\smart)
2019-10-25 11:10:56.524  INFO 22272 --- [restartedMain] com.suresec.smart.AppStarter             : No active profile set, falling back to default profiles: default
2019-10-25 11:10:57.467  INFO 22272 --- [restartedMain] .s.d.r.c.RepositoryConfigurationDelegate : Bootstrapping Spring Data repositories in DEFAULT mode.
2019-10-25 11:10:57.517  INFO 22272 --- [restartedMain] .s.d.r.c.RepositoryConfigurationDelegate : Finished Spring Data repository scanning in 50ms. Found 3 repository interfaces.
2019-10-25 11:10:57.663  INFO 22272 --- [restartedMain] trationDelegate$BeanPostProcessorChecker : Bean 'org.springframework.transaction.annotation.ProxyTransactionManagementConfiguration' of type [org.springframework.transaction.annotation.ProxyTransactionManagementConfiguration$$EnhancerBySpringCGLIB$$d0e8757f] is not eligible for getting processed by all BeanPostProcessors (for example: not eligible for auto-proxying)
2019-10-25 11:10:58.091  INFO 22272 --- [restartedMain] o.s.b.w.embedded.tomcat.TomcatWebServer  : Tomcat initialized with port(s): 8888 (http)
2019-10-25 11:10:58.094  INFO 22272 --- [restartedMain] o.apache.catalina.core.StandardService   : Starting service [Tomcat]
2019-10-25 11:10:58.094  INFO 22272 --- [restartedMain] org.apache.catalina.core.StandardEngine  : Starting Servlet Engine: Apache Tomcat/8.5.43
2019-10-25 11:10:58.107  INFO 22272 --- [localhost-startStop-1] o.a.catalina.core.AprLifecycleListener   : An older version [1.2.21] of the APR based Apache Tomcat Native library is installed, while Tomcat recommends a minimum version of [1.2.23]
2019-10-25 11:10:58.110  INFO 22272 --- [localhost-startStop-1] o.a.catalina.core.AprLifecycleListener   : Loaded APR based Apache Tomcat Native library [1.2.21] using APR version [1.6.5].
2019-10-25 11:10:58.111  INFO 22272 --- [localhost-startStop-1] o.a.catalina.core.AprLifecycleListener   : APR capabilities: IPv6 [true], sendfile [true], accept filters [false], random [true].
2019-10-25 11:10:58.116  INFO 22272 --- [localhost-startStop-1] o.a.catalina.core.AprLifecycleListener   : APR/OpenSSL configuration: useAprConnector [false], useOpenSSL [true]
2019-10-25 11:10:58.117  INFO 22272 --- [localhost-startStop-1] o.a.catalina.core.AprLifecycleListener   : OpenSSL successfully initialized [OpenSSL 1.1.1a  20 Nov 2018]
2019-10-25 11:10:58.253  INFO 22272 --- [localhost-startStop-1] org.apache.jasper.servlet.TldScanner     : At least one JAR was scanned for TLDs yet contained no TLDs. Enable debug logging for this logger for a complete list of JARs that were scanned but no TLDs were found in them. Skipping unneeded JARs during scanning can improve startup time and JSP compilation time.
2019-10-25 11:10:58.256  INFO 22272 --- [localhost-startStop-1] o.a.c.c.C.[Tomcat].[localhost].[/]       : Initializing Spring embedded WebApplicationContext
2019-10-25 11:10:58.256  INFO 22272 --- [localhost-startStop-1] o.s.web.context.ContextLoader            : Root WebApplicationContext: initialization completed in 1725 ms
2019-10-25 11:10:58.567  INFO 22272 --- [restartedMain] com.zaxxer.hikari.HikariDataSource       : HikariPool-2 - Starting...
2019-10-25 11:10:58.579  INFO 22272 --- [restartedMain] com.zaxxer.hikari.HikariDataSource       : HikariPool-2 - Start completed.
2019-10-25 11:10:58.608  INFO 22272 --- [restartedMain] o.hibernate.jpa.internal.util.LogHelper  : HHH000204: Processing PersistenceUnitInfo [
	name: default
	...]
2019-10-25 11:10:58.692  INFO 22272 --- [restartedMain] org.hibernate.dialect.Dialect            : HHH000400: Using dialect: org.hibernate.dialect.MySQL5InnoDBDialect
2019-10-25 11:10:59.083  INFO 22272 --- [restartedMain] j.LocalContainerEntityManagerFactoryBean : Initialized JPA EntityManagerFactory for persistence unit 'default'
2019-10-25 11:10:59.594  INFO 22272 --- [restartedMain] o.h.h.i.QueryTranslatorFactoryInitiator  : HHH000397: Using ASTQueryTranslatorFactory
2019-10-25 11:11:00.221  WARN 22272 --- [restartedMain] aWebConfiguration$JpaWebMvcConfiguration : spring.jpa.open-in-view is enabled by default. Therefore, database queries may be performed during view rendering. Explicitly configure spring.jpa.open-in-view to disable this warning
2019-10-25 11:11:00.497  INFO 22272 --- [restartedMain] pertySourcedRequestMappingHandlerMapping : Mapped URL path [/v2/api-docs] onto method [public org.springframework.http.ResponseEntity<springfox.documentation.spring.web.json.Json> springfox.documentation.swagger2.web.Swagger2Controller.getDocumentation(java.lang.String,javax.servlet.http.HttpServletRequest)]
2019-10-25 11:11:01.040  INFO 22272 --- [restartedMain] o.s.s.concurrent.ThreadPoolTaskExecutor  : Initializing ExecutorService 'applicationTaskExecutor'
2019-10-25 11:11:01.085  INFO 22272 --- [restartedMain] o.s.b.d.a.OptionalLiveReloadServer       : LiveReload server is running on port 35729
2019-10-25 11:11:01.110  INFO 22272 --- [restartedMain] o.s.b.a.w.s.WelcomePageHandlerMapping    : Adding welcome page: class path resource [static/index.html]
2019-10-25 11:11:01.911  INFO 22272 --- [restartedMain] d.s.w.p.DocumentationPluginsBootstrapper : Context refreshed
2019-10-25 11:11:01.915  INFO 22272 --- [restartedMain] d.s.w.p.DocumentationPluginsBootstrapper : Found 1 custom documentation plugin(s)
2019-10-25 11:11:02.077  INFO 22272 --- [restartedMain] s.d.s.w.s.ApiListingReferenceScanner     : Scanning for api listing references
2019-10-25 11:11:02.444  INFO 22272 --- [restartedMain] .d.s.w.r.o.CachingOperationNameGenerator : Generating unique operation named: infoUsingGET_1
2019-10-25 11:11:02.542  INFO 22272 --- [restartedMain] o.s.b.w.embedded.tomcat.TomcatWebServer  : Tomcat started on port(s): 8888 (http) with context path ''
2019-10-25 11:11:02.543  INFO 22272 --- [restartedMain] com.suresec.smart.AppStarter             : Started AppStarter in 6.103 seconds (JVM running for 62.845)
2019-10-25 11:11:02.547  INFO 22272 --- [restartedMain] .ConditionEvaluationDeltaLoggingListener : Condition evaluation unchanged
2019-10-25 11:11:08.064  INFO 22272 --- [http-nio-8888-exec-1] o.a.c.c.C.[Tomcat].[localhost].[/]       : Initializing Spring DispatcherServlet 'dispatcherServlet'
2019-10-25 11:11:08.064  INFO 22272 --- [http-nio-8888-exec-1] o.s.web.servlet.DispatcherServlet        : Initializing Servlet 'dispatcherServlet'
2019-10-25 11:11:08.079  INFO 22272 --- [http-nio-8888-exec-1] o.s.web.servlet.DispatcherServlet        : Completed initialization in 14 ms
2019-10-25 11:11:59.039  INFO 22272 --- [Thread-10] o.s.s.concurrent.ThreadPoolTaskExecutor  : Shutting down ExecutorService 'applicationTaskExecutor'
2019-10-25 11:11:59.042  INFO 22272 --- [Thread-10] j.LocalContainerEntityManagerFactoryBean : Closing JPA EntityManagerFactory for persistence unit 'default'
2019-10-25 11:11:59.044  INFO 22272 --- [Thread-10] com.zaxxer.hikari.HikariDataSource       : HikariPool-2 - Shutdown initiated...
2019-10-25 11:11:59.079  INFO 22272 --- [Thread-10] com.zaxxer.hikari.HikariDataSource       : HikariPool-2 - Shutdown completed.
2019-10-25 11:11:59.859  INFO 22272 --- [restartedMain] com.suresec.smart.AppStarter             : Starting AppStarter on LAPTOP-9JI6HR7S with PID 22272 (E:\eclipse2018-workspace\smart\target\classes started by 19820 in E:\eclipse2018-workspace\smart)
2019-10-25 11:11:59.861  INFO 22272 --- [restartedMain] com.suresec.smart.AppStarter             : No active profile set, falling back to default profiles: default
2019-10-25 11:12:01.678  INFO 22272 --- [restartedMain] .s.d.r.c.RepositoryConfigurationDelegate : Bootstrapping Spring Data repositories in DEFAULT mode.
2019-10-25 11:12:01.727  INFO 22272 --- [restartedMain] .s.d.r.c.RepositoryConfigurationDelegate : Finished Spring Data repository scanning in 48ms. Found 3 repository interfaces.
2019-10-25 11:12:01.969  INFO 22272 --- [restartedMain] trationDelegate$BeanPostProcessorChecker : Bean 'org.springframework.transaction.annotation.ProxyTransactionManagementConfiguration' of type [org.springframework.transaction.annotation.ProxyTransactionManagementConfiguration$$EnhancerBySpringCGLIB$$d0e8757f] is not eligible for getting processed by all BeanPostProcessors (for example: not eligible for auto-proxying)
2019-10-25 11:12:02.478  INFO 22272 --- [restartedMain] o.s.b.w.embedded.tomcat.TomcatWebServer  : Tomcat initialized with port(s): 8888 (http)
2019-10-25 11:12:02.485  INFO 22272 --- [restartedMain] o.apache.catalina.core.StandardService   : Starting service [Tomcat]
2019-10-25 11:12:02.486  INFO 22272 --- [restartedMain] org.apache.catalina.core.StandardEngine  : Starting Servlet Engine: Apache Tomcat/8.5.43
2019-10-25 11:12:02.510  INFO 22272 --- [localhost-startStop-1] o.a.catalina.core.AprLifecycleListener   : An older version [1.2.21] of the APR based Apache Tomcat Native library is installed, while Tomcat recommends a minimum version of [1.2.23]
2019-10-25 11:12:02.511  INFO 22272 --- [localhost-startStop-1] o.a.catalina.core.AprLifecycleListener   : Loaded APR based Apache Tomcat Native library [1.2.21] using APR version [1.6.5].
2019-10-25 11:12:02.511  INFO 22272 --- [localhost-startStop-1] o.a.catalina.core.AprLifecycleListener   : APR capabilities: IPv6 [true], sendfile [true], accept filters [false], random [true].
2019-10-25 11:12:02.511  INFO 22272 --- [localhost-startStop-1] o.a.catalina.core.AprLifecycleListener   : APR/OpenSSL configuration: useAprConnector [false], useOpenSSL [true]
2019-10-25 11:12:02.512  INFO 22272 --- [localhost-startStop-1] o.a.catalina.core.AprLifecycleListener   : OpenSSL successfully initialized [OpenSSL 1.1.1a  20 Nov 2018]
2019-10-25 11:12:02.745  INFO 22272 --- [localhost-startStop-1] org.apache.jasper.servlet.TldScanner     : At least one JAR was scanned for TLDs yet contained no TLDs. Enable debug logging for this logger for a complete list of JARs that were scanned but no TLDs were found in them. Skipping unneeded JARs during scanning can improve startup time and JSP compilation time.
2019-10-25 11:12:02.748  INFO 22272 --- [localhost-startStop-1] o.a.c.c.C.[Tomcat].[localhost].[/]       : Initializing Spring embedded WebApplicationContext
2019-10-25 11:12:02.749  INFO 22272 --- [localhost-startStop-1] o.s.web.context.ContextLoader            : Root WebApplicationContext: initialization completed in 2877 ms
2019-10-25 11:12:03.014  INFO 22272 --- [restartedMain] com.zaxxer.hikari.HikariDataSource       : HikariPool-3 - Starting...
2019-10-25 11:12:03.030  INFO 22272 --- [restartedMain] com.zaxxer.hikari.HikariDataSource       : HikariPool-3 - Start completed.
2019-10-25 11:12:03.058  INFO 22272 --- [restartedMain] o.hibernate.jpa.internal.util.LogHelper  : HHH000204: Processing PersistenceUnitInfo [
	name: default
	...]
2019-10-25 11:12:03.147  INFO 22272 --- [restartedMain] org.hibernate.dialect.Dialect            : HHH000400: Using dialect: org.hibernate.dialect.MySQL5InnoDBDialect
2019-10-25 11:12:03.557  INFO 22272 --- [restartedMain] j.LocalContainerEntityManagerFactoryBean : Initialized JPA EntityManagerFactory for persistence unit 'default'
2019-10-25 11:12:04.085  INFO 22272 --- [restartedMain] o.h.h.i.QueryTranslatorFactoryInitiator  : HHH000397: Using ASTQueryTranslatorFactory
2019-10-25 11:12:04.998  WARN 22272 --- [restartedMain] aWebConfiguration$JpaWebMvcConfiguration : spring.jpa.open-in-view is enabled by default. Therefore, database queries may be performed during view rendering. Explicitly configure spring.jpa.open-in-view to disable this warning
2019-10-25 11:12:05.272  INFO 22272 --- [restartedMain] pertySourcedRequestMappingHandlerMapping : Mapped URL path [/v2/api-docs] onto method [public org.springframework.http.ResponseEntity<springfox.documentation.spring.web.json.Json> springfox.documentation.swagger2.web.Swagger2Controller.getDocumentation(java.lang.String,javax.servlet.http.HttpServletRequest)]
2019-10-25 11:12:05.641  INFO 22272 --- [restartedMain] o.s.s.concurrent.ThreadPoolTaskExecutor  : Initializing ExecutorService 'applicationTaskExecutor'
2019-10-25 11:12:05.672  INFO 22272 --- [restartedMain] o.s.b.d.a.OptionalLiveReloadServer       : LiveReload server is running on port 35729
2019-10-25 11:12:05.704  INFO 22272 --- [restartedMain] o.s.b.a.w.s.WelcomePageHandlerMapping    : Adding welcome page: class path resource [static/index.html]
2019-10-25 11:12:06.171  INFO 22272 --- [restartedMain] d.s.w.p.DocumentationPluginsBootstrapper : Context refreshed
2019-10-25 11:12:06.172  INFO 22272 --- [restartedMain] d.s.w.p.DocumentationPluginsBootstrapper : Found 1 custom documentation plugin(s)
2019-10-25 11:12:06.187  INFO 22272 --- [restartedMain] s.d.s.w.s.ApiListingReferenceScanner     : Scanning for api listing references
2019-10-25 11:12:06.245  INFO 22272 --- [restartedMain] .d.s.w.r.o.CachingOperationNameGenerator : Generating unique operation named: infoUsingGET_1
2019-10-25 11:12:06.280  INFO 22272 --- [restartedMain] o.s.b.w.embedded.tomcat.TomcatWebServer  : Tomcat started on port(s): 8888 (http) with context path ''
2019-10-25 11:12:06.283  INFO 22272 --- [restartedMain] com.suresec.smart.AppStarter             : Started AppStarter in 6.524 seconds (JVM running for 126.585)
2019-10-25 11:12:06.307  INFO 22272 --- [restartedMain] .ConditionEvaluationDeltaLoggingListener : Condition evaluation unchanged
2019-10-25 11:12:14.742  INFO 22272 --- [http-nio-8888-exec-10] o.a.c.c.C.[Tomcat].[localhost].[/]       : Initializing Spring DispatcherServlet 'dispatcherServlet'
2019-10-25 11:12:14.743  INFO 22272 --- [http-nio-8888-exec-10] o.s.web.servlet.DispatcherServlet        : Initializing Servlet 'dispatcherServlet'
2019-10-25 11:12:14.754  INFO 22272 --- [http-nio-8888-exec-10] o.s.web.servlet.DispatcherServlet        : Completed initialization in 10 ms
2019-10-25 11:12:14.901  INFO 22272 --- [http-nio-8888-exec-9] c.suresec.smart.component.WebLogAspect   : {"result":"20000璇锋","method":"POST","start_Time":"2019-10-25 11:12:14","spend_Time":"21","ip":"0:0:0:0:0:0:0:1","parameter":"null","base_Path":"http://localhost:8888","description":"娉ㄩ","id":0,"uri":"/prod-api/user/logout","url":"http://localhost:8888/prod-api/user/logout"}
2019-10-25 11:12:19.570  INFO 22272 --- [http-nio-8888-exec-7] c.suresec.smart.component.WebLogAspect   : {"result":"20000璇锋","method":"POST","start_Time":"2019-10-25 11:12:19","spend_Time":"1","ip":"0:0:0:0:0:0:0:1","parameter":"Sys_users(username=admin, name=null, companyid=null, password=111111, status=null, create_usr=null, timestamp=null)","base_Path":"http://localhost:8888","description":"诲","id":0,"uri":"/prod-api/user/login","url":"http://localhost:8888/prod-api/user/login"}
2019-10-25 11:12:19.617  INFO 22272 --- [http-nio-8888-exec-5] c.s.smart.interceptor.LoginInterceptor   : sessionId涓猴D6D7F9EFF9EDCE6F8CD2177384436695
2019-10-25 11:12:19.619  INFO 22272 --- [http-nio-8888-exec-5] c.suresec.smart.component.WebLogAspect   : {"result":"20000璇锋","method":"GET","start_Time":"2019-10-25 11:12:19","spend_Time":"0","ip":"0:0:0:0:0:0:0:1","parameter":"null","base_Path":"http://localhost:8888","description":"峰ㄦ蜂俊","id":0,"uri":"/prod-api/user/info","url":"http://localhost:8888/prod-api/user/info"}
2019-10-25 11:12:19.679  INFO 22272 --- [http-nio-8888-exec-3] c.s.smart.interceptor.LoginInterceptor   : sessionId涓猴D6D7F9EFF9EDCE6F8CD2177384436695
2019-10-25 11:12:19.868  INFO 22272 --- [http-nio-8888-exec-3] c.suresec.smart.component.WebLogAspect   : {"result":"20000璇锋","method":"GET","start_Time":"2019-10-25 11:12:19","spend_Time":"184","ip":"0:0:0:0:0:0:0:1","parameter":"{arg1=admin,visitor}","base_Path":"http://localhost:8888","description":"规roles璁块璺辫〃","id":0,"uri":"/prod-api/menuManage/getMenuByRole","url":"http://localhost:8888/prod-api/menuManage/getMenuByRole"}
2019-10-25 11:12:20.254  INFO 22272 --- [http-nio-8888-exec-10] c.s.smart.interceptor.LoginInterceptor   : sessionId涓猴D6D7F9EFF9EDCE6F8CD2177384436695
2019-10-25 11:12:20.256  INFO 22272 --- [http-nio-8888-exec-10] c.suresec.smart.component.WebLogAspect   : {"result":"20000璇锋","method":"GET","start_Time":"2019-10-25 11:12:20","spend_Time":"1","ip":"0:0:0:0:0:0:0:1","parameter":"null","base_Path":"http://localhost:8888","description":"峰褰㈢","id":0,"uri":"/prod-api/menuManage/getTree","url":"http://localhost:8888/prod-api/menuManage/getTree"}
2019-10-25 11:12:20.262  INFO 22272 --- [http-nio-8888-exec-9] c.s.smart.interceptor.LoginInterceptor   : sessionId涓猴D6D7F9EFF9EDCE6F8CD2177384436695
2019-10-25 11:12:20.263  INFO 22272 --- [http-nio-8888-exec-9] c.suresec.smart.component.WebLogAspect   : {"result":"20000璇锋","method":"GET","start_Time":"2019-10-25 11:12:20","spend_Time":"0","ip":"0:0:0:0:0:0:0:1","parameter":"null","base_Path":"http://localhost:8888","description":"ヨ㈠琛","id":0,"uri":"/prod-api/menuManage/list","url":"http://localhost:8888/prod-api/menuManage/list"}
2019-10-25 11:12:28.127  INFO 22272 --- [http-nio-8888-exec-2] c.s.smart.interceptor.LoginInterceptor   : sessionId涓猴D6D7F9EFF9EDCE6F8CD2177384436695
2019-10-25 11:12:28.127  INFO 22272 --- [http-nio-8888-exec-3] c.s.smart.interceptor.LoginInterceptor   : sessionId涓猴D6D7F9EFF9EDCE6F8CD2177384436695
2019-10-25 11:12:34.904  INFO 22272 --- [http-nio-8888-exec-7] c.suresec.smart.component.WebLogAspect   : {"result":"20000璇锋","method":"POST","start_Time":"2019-10-25 11:12:34","spend_Time":"0","ip":"0:0:0:0:0:0:0:1","parameter":"null","base_Path":"http://localhost:8888","description":"娉ㄩ","id":0,"uri":"/prod-api/user/logout","url":"http://localhost:8888/prod-api/user/logout"}
2019-10-25 11:12:36.662  INFO 22272 --- [http-nio-8888-exec-4] c.suresec.smart.component.WebLogAspect   : {"result":"20000璇锋","method":"POST","start_Time":"2019-10-25 11:12:36","spend_Time":"0","ip":"0:0:0:0:0:0:0:1","parameter":"Sys_users(username=admin, name=null, companyid=null, password=111111, status=null, create_usr=null, timestamp=null)","base_Path":"http://localhost:8888","description":"诲","id":0,"uri":"/prod-api/user/login","url":"http://localhost:8888/prod-api/user/login"}
2019-10-25 11:12:36.702  INFO 22272 --- [http-nio-8888-exec-2] c.s.smart.interceptor.LoginInterceptor   : sessionId涓猴D6D7F9EFF9EDCE6F8CD2177384436695
2019-10-25 11:12:36.704  INFO 22272 --- [http-nio-8888-exec-2] c.suresec.smart.component.WebLogAspect   : {"result":"20000璇锋","method":"GET","start_Time":"2019-10-25 11:12:36","spend_Time":"0","ip":"0:0:0:0:0:0:0:1","parameter":"null","base_Path":"http://localhost:8888","description":"峰ㄦ蜂俊","id":0,"uri":"/prod-api/user/info","url":"http://localhost:8888/prod-api/user/info"}
2019-10-25 11:12:36.727  INFO 22272 --- [http-nio-8888-exec-9] c.s.smart.interceptor.LoginInterceptor   : sessionId涓猴D6D7F9EFF9EDCE6F8CD2177384436695
2019-10-25 11:12:36.767  INFO 22272 --- [http-nio-8888-exec-9] c.suresec.smart.component.WebLogAspect   : {"result":"20000璇锋","method":"GET","start_Time":"2019-10-25 11:12:36","spend_Time":"39","ip":"0:0:0:0:0:0:0:1","parameter":"{arg1=admin,visitor}","base_Path":"http://localhost:8888","description":"规roles璁块璺辫〃","id":0,"uri":"/prod-api/menuManage/getMenuByRole","url":"http://localhost:8888/prod-api/menuManage/getMenuByRole"}
2019-10-25 11:12:45.483  INFO 22272 --- [http-nio-8888-exec-5] c.s.smart.interceptor.LoginInterceptor   : sessionId涓猴D6D7F9EFF9EDCE6F8CD2177384436695
2019-10-25 11:12:45.485  INFO 22272 --- [http-nio-8888-exec-5] c.suresec.smart.component.WebLogAspect   : {"result":"20000璇锋","method":"GET","start_Time":"2019-10-25 11:12:45","spend_Time":"0","ip":"0:0:0:0:0:0:0:1","parameter":"null","base_Path":"http://localhost:8888","description":"峰褰㈢","id":0,"uri":"/prod-api/menuManage/getTree","url":"http://localhost:8888/prod-api/menuManage/getTree"}
2019-10-25 11:12:45.490  INFO 22272 --- [http-nio-8888-exec-4] c.s.smart.interceptor.LoginInterceptor   : sessionId涓猴D6D7F9EFF9EDCE6F8CD2177384436695
2019-10-25 11:12:45.491  INFO 22272 --- [http-nio-8888-exec-4] c.suresec.smart.component.WebLogAspect   : {"result":"20000璇锋","method":"GET","start_Time":"2019-10-25 11:12:45","spend_Time":"0","ip":"0:0:0:0:0:0:0:1","parameter":"null","base_Path":"http://localhost:8888","description":"ヨ㈠琛","id":0,"uri":"/prod-api/menuManage/list","url":"http://localhost:8888/prod-api/menuManage/list"}
2019-10-25 11:14:26.433  INFO 22272 --- [Thread-16] o.s.s.concurrent.ThreadPoolTaskExecutor  : Shutting down ExecutorService 'applicationTaskExecutor'
2019-10-25 11:14:26.437  INFO 22272 --- [Thread-16] j.LocalContainerEntityManagerFactoryBean : Closing JPA EntityManagerFactory for persistence unit 'default'
2019-10-25 11:14:26.439  INFO 22272 --- [Thread-16] com.zaxxer.hikari.HikariDataSource       : HikariPool-3 - Shutdown initiated...
2019-10-25 11:14:26.448  INFO 22272 --- [Thread-16] com.zaxxer.hikari.HikariDataSource       : HikariPool-3 - Shutdown completed.
2019-10-25 11:14:27.368  INFO 22272 --- [restartedMain] com.suresec.smart.AppStarter             : Starting AppStarter on LAPTOP-9JI6HR7S with PID 22272 (E:\eclipse2018-workspace\smart\target\classes started by 19820 in E:\eclipse2018-workspace\smart)
2019-10-25 11:14:27.369  INFO 22272 --- [restartedMain] com.suresec.smart.AppStarter             : No active profile set, falling back to default profiles: default
2019-10-25 11:14:29.067  INFO 22272 --- [restartedMain] .s.d.r.c.RepositoryConfigurationDelegate : Bootstrapping Spring Data repositories in DEFAULT mode.
2019-10-25 11:14:29.193  INFO 22272 --- [restartedMain] .s.d.r.c.RepositoryConfigurationDelegate : Finished Spring Data repository scanning in 125ms. Found 3 repository interfaces.
2019-10-25 11:14:29.464  INFO 22272 --- [restartedMain] trationDelegate$BeanPostProcessorChecker : Bean 'org.springframework.transaction.annotation.ProxyTransactionManagementConfiguration' of type [org.springframework.transaction.annotation.ProxyTransactionManagementConfiguration$$EnhancerBySpringCGLIB$$d0e8757f] is not eligible for getting processed by all BeanPostProcessors (for example: not eligible for auto-proxying)
2019-10-25 11:14:30.050  INFO 22272 --- [restartedMain] o.s.b.w.embedded.tomcat.TomcatWebServer  : Tomcat initialized with port(s): 8888 (http)
2019-10-25 11:14:30.053  INFO 22272 --- [restartedMain] o.apache.catalina.core.StandardService   : Starting service [Tomcat]
2019-10-25 11:14:30.054  INFO 22272 --- [restartedMain] org.apache.catalina.core.StandardEngine  : Starting Servlet Engine: Apache Tomcat/8.5.43
2019-10-25 11:14:30.075  INFO 22272 --- [localhost-startStop-1] o.a.catalina.core.AprLifecycleListener   : An older version [1.2.21] of the APR based Apache Tomcat Native library is installed, while Tomcat recommends a minimum version of [1.2.23]
2019-10-25 11:14:30.076  INFO 22272 --- [localhost-startStop-1] o.a.catalina.core.AprLifecycleListener   : Loaded APR based Apache Tomcat Native library [1.2.21] using APR version [1.6.5].
2019-10-25 11:14:30.076  INFO 22272 --- [localhost-startStop-1] o.a.catalina.core.AprLifecycleListener   : APR capabilities: IPv6 [true], sendfile [true], accept filters [false], random [true].
2019-10-25 11:14:30.076  INFO 22272 --- [localhost-startStop-1] o.a.catalina.core.AprLifecycleListener   : APR/OpenSSL configuration: useAprConnector [false], useOpenSSL [true]
2019-10-25 11:14:30.077  INFO 22272 --- [localhost-startStop-1] o.a.catalina.core.AprLifecycleListener   : OpenSSL successfully initialized [OpenSSL 1.1.1a  20 Nov 2018]
2019-10-25 11:14:30.255  INFO 22272 --- [localhost-startStop-1] org.apache.jasper.servlet.TldScanner     : At least one JAR was scanned for TLDs yet contained no TLDs. Enable debug logging for this logger for a complete list of JARs that were scanned but no TLDs were found in them. Skipping unneeded JARs during scanning can improve startup time and JSP compilation time.
2019-10-25 11:14:30.256  INFO 22272 --- [localhost-startStop-1] o.a.c.c.C.[Tomcat].[localhost].[/]       : Initializing Spring embedded WebApplicationContext
2019-10-25 11:14:30.257  INFO 22272 --- [localhost-startStop-1] o.s.web.context.ContextLoader            : Root WebApplicationContext: initialization completed in 2884 ms
2019-10-25 11:14:30.702  INFO 22272 --- [restartedMain] com.zaxxer.hikari.HikariDataSource       : HikariPool-4 - Starting...
2019-10-25 11:14:30.716  INFO 22272 --- [restartedMain] com.zaxxer.hikari.HikariDataSource       : HikariPool-4 - Start completed.
2019-10-25 11:14:30.740  INFO 22272 --- [restartedMain] o.hibernate.jpa.internal.util.LogHelper  : HHH000204: Processing PersistenceUnitInfo [
	name: default
	...]
2019-10-25 11:14:31.057  INFO 22272 --- [restartedMain] org.hibernate.dialect.Dialect            : HHH000400: Using dialect: org.hibernate.dialect.MySQL5InnoDBDialect
2019-10-25 11:14:32.003  INFO 22272 --- [restartedMain] j.LocalContainerEntityManagerFactoryBean : Initialized JPA EntityManagerFactory for persistence unit 'default'
2019-10-25 11:14:32.261  INFO 22272 --- [restartedMain] o.h.h.i.QueryTranslatorFactoryInitiator  : HHH000397: Using ASTQueryTranslatorFactory
2019-10-25 11:14:32.841  WARN 22272 --- [restartedMain] aWebConfiguration$JpaWebMvcConfiguration : spring.jpa.open-in-view is enabled by default. Therefore, database queries may be performed during view rendering. Explicitly configure spring.jpa.open-in-view to disable this warning
2019-10-25 11:14:33.069  INFO 22272 --- [restartedMain] pertySourcedRequestMappingHandlerMapping : Mapped URL path [/v2/api-docs] onto method [public org.springframework.http.ResponseEntity<springfox.documentation.spring.web.json.Json> springfox.documentation.swagger2.web.Swagger2Controller.getDocumentation(java.lang.String,javax.servlet.http.HttpServletRequest)]
2019-10-25 11:14:33.775  INFO 22272 --- [restartedMain] o.s.s.concurrent.ThreadPoolTaskExecutor  : Initializing ExecutorService 'applicationTaskExecutor'
2019-10-25 11:14:33.796  INFO 22272 --- [restartedMain] o.s.b.d.a.OptionalLiveReloadServer       : LiveReload server is running on port 35729
2019-10-25 11:14:33.903  INFO 22272 --- [restartedMain] o.s.b.a.w.s.WelcomePageHandlerMapping    : Adding welcome page: class path resource [static/index.html]
2019-10-25 11:14:34.522  INFO 22272 --- [restartedMain] d.s.w.p.DocumentationPluginsBootstrapper : Context refreshed
2019-10-25 11:14:34.525  INFO 22272 --- [restartedMain] d.s.w.p.DocumentationPluginsBootstrapper : Found 1 custom documentation plugin(s)
2019-10-25 11:14:34.544  INFO 22272 --- [restartedMain] s.d.s.w.s.ApiListingReferenceScanner     : Scanning for api listing references
2019-10-25 11:14:34.598  INFO 22272 --- [restartedMain] .d.s.w.r.o.CachingOperationNameGenerator : Generating unique operation named: infoUsingGET_1
2019-10-25 11:14:34.714  INFO 22272 --- [restartedMain] o.s.b.w.embedded.tomcat.TomcatWebServer  : Tomcat started on port(s): 8888 (http) with context path ''
2019-10-25 11:14:34.716  INFO 22272 --- [restartedMain] com.suresec.smart.AppStarter             : Started AppStarter in 7.409 seconds (JVM running for 275.018)
2019-10-25 11:14:34.726  INFO 22272 --- [restartedMain] .ConditionEvaluationDeltaLoggingListener : Condition evaluation unchanged
